[24-Jan-2022 22:40:07 UTC] PHP Notice:  Undefined variable: timezone in /home/mondodir/public_html/wp-content/plugins/salon-booking-plugin-pro/src/SLN/Action/Ajax/CheckDate.php on line 32
[24-Jan-2022 22:40:07 UTC] PHP Notice:  Undefined variable: timezone in /home/mondodir/public_html/wp-content/plugins/salon-booking-plugin-pro/src/SLN/Action/Ajax/CheckDate.php on line 43
[24-Jan-2022 22:40:23 UTC] PHP Notice:  Undefined index: file in /home/mondodir/public_html/wp-content/plugins/query-monitor/collectors/php_errors.php on line 375
[24-Jan-2022 22:40:23 UTC] PHP Notice:  Undefined index: line in /home/mondodir/public_html/wp-content/plugins/query-monitor/collectors/php_errors.php on line 375
[24-Jan-2022 22:40:23 UTC] PHP Notice:  Undefined index: file in /home/mondodir/public_html/wp-content/plugins/query-monitor/collectors/php_errors.php on line 375
[24-Jan-2022 22:40:23 UTC] PHP Notice:  Undefined index: line in /home/mondodir/public_html/wp-content/plugins/query-monitor/collectors/php_errors.php on line 375
[24-Jan-2022 22:40:23 UTC] PHP Fatal error:  Uncaught Exception: DateTime::__construct(): Failed to parse time string (26 Gen 2022 09:05) at position 0 (2): Unexpected character in /home/mondodir/public_html/wp-content/plugins/salon-booking-plugin-pro/src/SLN/DateTime.php:10
Stack trace:
#0 /home/mondodir/public_html/wp-content/plugins/salon-booking-plugin-pro/src/SLN/DateTime.php(10): DateTime->__construct('26 Gen 2022 09:...', Object(DateTimeZone))
#1 /home/mondodir/public_html/wp-content/plugins/salon-booking-plugin-pro/src/SLN/Wrapper/Booking/Builder.php(98): SLN_DateTime->__construct('26 Gen 2022 09:...')
#2 /home/mondodir/public_html/wp-content/plugins/salon-booking-plugin-pro/views/shortcode/_services.php(12): SLN_Wrapper_Booking_Builder->getDateTime()
#3 /home/mondodir/public_html/wp-content/plugins/salon-booking-plugin-pro/views/shortcode/salon_services.php(39): include('/home/mondodir/...')
#4 /home/mondodir/public_html/wp-content/plugins/salon-booking-plugin-pro/src/SLN/Service/Templating.php(27): include('/home/mondodir/...')
#5 /home/mondod in /home/mondodir/public_html/wp-content/plugins/salon-booking-plugin-pro/src/SLN/DateTime.php on line 10
[24-Jan-2022 22:41:57 UTC] PHP Fatal error:  Uncaught Exception: DateTime::__construct(): Failed to parse time string (26 Gen 2022 09:05) at position 0 (2): Unexpected character in /home/mondodir/public_html/wp-content/plugins/salon-booking-plugin-pro/src/SLN/DateTime.php:10
Stack trace:
#0 /home/mondodir/public_html/wp-content/plugins/salon-booking-plugin-pro/src/SLN/DateTime.php(10): DateTime->__construct('26 Gen 2022 09:...', Object(DateTimeZone))
#1 /home/mondodir/public_html/wp-content/plugins/salon-booking-plugin-pro/src/SLN/Wrapper/Booking/Builder.php(98): SLN_DateTime->__construct('26 Gen 2022 09:...')
#2 /home/mondodir/public_html/wp-content/plugins/salon-booking-plugin-pro/views/shortcode/_services.php(12): SLN_Wrapper_Booking_Builder->getDateTime()
#3 /home/mondodir/public_html/wp-content/plugins/salon-booking-plugin-pro/views/shortcode/salon_services.php(39): include('/home/mondodir/...')
#4 /home/mondodir/public_html/wp-content/plugins/salon-booking-plugin-pro/src/SLN/Service/Templating.php(27): include('/home/mondodir/...')
#5 /home/mondod in /home/mondodir/public_html/wp-content/plugins/salon-booking-plugin-pro/src/SLN/DateTime.php on line 10
[24-Jan-2022 22:42:02 UTC] PHP Fatal error:  Uncaught Exception: DateTime::__construct(): Failed to parse time string (26 Gen 2022 09:05) at position 0 (2): Unexpected character in /home/mondodir/public_html/wp-content/plugins/salon-booking-plugin-pro/src/SLN/DateTime.php:10
Stack trace:
#0 /home/mondodir/public_html/wp-content/plugins/salon-booking-plugin-pro/src/SLN/DateTime.php(10): DateTime->__construct('26 Gen 2022 09:...', Object(DateTimeZone))
#1 /home/mondodir/public_html/wp-content/plugins/salon-booking-plugin-pro/src/SLN/Wrapper/Booking/Builder.php(98): SLN_DateTime->__construct('26 Gen 2022 09:...')
#2 /home/mondodir/public_html/wp-content/plugins/salon-booking-plugin-pro/views/shortcode/_services.php(12): SLN_Wrapper_Booking_Builder->getDateTime()
#3 /home/mondodir/public_html/wp-content/plugins/salon-booking-plugin-pro/views/shortcode/salon_services.php(39): include('/home/mondodir/...')
#4 /home/mondodir/public_html/wp-content/plugins/salon-booking-plugin-pro/src/SLN/Service/Templating.php(27): include('/home/mondodir/...')
#5 /home/mondod in /home/mondodir/public_html/wp-content/plugins/salon-booking-plugin-pro/src/SLN/DateTime.php on line 10
[24-Jan-2022 22:42:17 UTC] PHP Fatal error:  Uncaught Exception: DateTime::__construct(): Failed to parse time string (26 Gen 2022 09:05) at position 0 (2): Unexpected character in /home/mondodir/public_html/wp-content/plugins/salon-booking-plugin-pro/src/SLN/DateTime.php:10
Stack trace:
#0 /home/mondodir/public_html/wp-content/plugins/salon-booking-plugin-pro/src/SLN/DateTime.php(10): DateTime->__construct('26 Gen 2022 09:...', Object(DateTimeZone))
#1 /home/mondodir/public_html/wp-content/plugins/salon-booking-plugin-pro/src/SLN/Wrapper/Booking/Builder.php(98): SLN_DateTime->__construct('26 Gen 2022 09:...')
#2 /home/mondodir/public_html/wp-content/plugins/salon-booking-plugin-pro/views/shortcode/_services.php(12): SLN_Wrapper_Booking_Builder->getDateTime()
#3 /home/mondodir/public_html/wp-content/plugins/salon-booking-plugin-pro/views/shortcode/salon_services.php(39): include('/home/mondodir/...')
#4 /home/mondodir/public_html/wp-content/plugins/salon-booking-plugin-pro/src/SLN/Service/Templating.php(27): include('/home/mondodir/...')
#5 /home/mondod in /home/mondodir/public_html/wp-content/plugins/salon-booking-plugin-pro/src/SLN/DateTime.php on line 10
[24-Jan-2022 22:42:23 UTC] PHP Fatal error:  Uncaught Exception: DateTime::__construct(): Failed to parse time string (26 Gen 2022 09:05) at position 0 (2): Unexpected character in /home/mondodir/public_html/wp-content/plugins/salon-booking-plugin-pro/src/SLN/DateTime.php:10
Stack trace:
#0 /home/mondodir/public_html/wp-content/plugins/salon-booking-plugin-pro/src/SLN/DateTime.php(10): DateTime->__construct('26 Gen 2022 09:...', Object(DateTimeZone))
#1 /home/mondodir/public_html/wp-content/plugins/salon-booking-plugin-pro/src/SLN/Wrapper/Booking/Builder.php(98): SLN_DateTime->__construct('26 Gen 2022 09:...')
#2 /home/mondodir/public_html/wp-content/plugins/salon-booking-plugin-pro/views/shortcode/_services.php(12): SLN_Wrapper_Booking_Builder->getDateTime()
#3 /home/mondodir/public_html/wp-content/plugins/salon-booking-plugin-pro/views/shortcode/salon_services.php(39): include('/home/mondodir/...')
#4 /home/mondodir/public_html/wp-content/plugins/salon-booking-plugin-pro/src/SLN/Service/Templating.php(27): include('/home/mondodir/...')
#5 /home/mondod in /home/mondodir/public_html/wp-content/plugins/salon-booking-plugin-pro/src/SLN/DateTime.php on line 10
[24-Jan-2022 22:42:37 UTC] PHP Notice:  Undefined variable: timezone in /home/mondodir/public_html/wp-content/plugins/salon-booking-plugin-pro/src/SLN/Action/Ajax/CheckDate.php on line 32
[24-Jan-2022 22:42:37 UTC] PHP Notice:  Undefined variable: timezone in /home/mondodir/public_html/wp-content/plugins/salon-booking-plugin-pro/src/SLN/Action/Ajax/CheckDate.php on line 43
[25-Jan-2022 06:12:38 UTC] PHP Warning:  Invalid argument supplied for foreach() in /home/mondodir/public_html/wp-content/plugins/salon-booking-plugin-pro/src/SLN/Action/CleanUpDatabase.php on line 32
[25-Jan-2022 11:18:35 UTC] PHP Notice:  register_rest_route è stato richiamato <strong>in maniera scorretta</strong>. Alla definizione per la rotta REST API <code>jwt-auth/v1/token</code> manca l'argomento necessario <code>permission_callback</code>. Per le rotte REST API che sono pubbliche, utilizza la callback di autorizzazione <code>__return_true</code>. Leggi <a href="https://wordpress.org/support/article/debugging-in-wordpress/">Debugging in WordPress</a> per maggiori informazioni. (Questo messaggio è stato aggiunto nella versione 5.5.0.) in /home/mondodir/public_html/wp-includes/functions.php on line 5663
[25-Jan-2022 11:18:35 UTC] PHP Notice:  register_rest_route è stato richiamato <strong>in maniera scorretta</strong>. Alla definizione per la rotta REST API <code>jwt-auth/v1/token/validate</code> manca l'argomento necessario <code>permission_callback</code>. Per le rotte REST API che sono pubbliche, utilizza la callback di autorizzazione <code>__return_true</code>. Leggi <a href="https://wordpress.org/support/article/debugging-in-wordpress/">Debugging in WordPress</a> per maggiori informazioni. (Questo messaggio è stato aggiunto nella versione 5.5.0.) in /home/mondodir/public_html/wp-includes/functions.php on line 5663
[25-Jan-2022 11:18:42 UTC] PHP Notice:  register_rest_route è stato richiamato <strong>in maniera scorretta</strong>. Alla definizione per la rotta REST API <code>jwt-auth/v1/token</code> manca l'argomento necessario <code>permission_callback</code>. Per le rotte REST API che sono pubbliche, utilizza la callback di autorizzazione <code>__return_true</code>. Leggi <a href="https://wordpress.org/support/article/debugging-in-wordpress/">Debugging in WordPress</a> per maggiori informazioni. (Questo messaggio è stato aggiunto nella versione 5.5.0.) in /home/mondodir/public_html/wp-includes/functions.php on line 5663
[25-Jan-2022 11:18:42 UTC] PHP Notice:  register_rest_route è stato richiamato <strong>in maniera scorretta</strong>. Alla definizione per la rotta REST API <code>jwt-auth/v1/token/validate</code> manca l'argomento necessario <code>permission_callback</code>. Per le rotte REST API che sono pubbliche, utilizza la callback di autorizzazione <code>__return_true</code>. Leggi <a href="https://wordpress.org/support/article/debugging-in-wordpress/">Debugging in WordPress</a> per maggiori informazioni. (Questo messaggio è stato aggiunto nella versione 5.5.0.) in /home/mondodir/public_html/wp-includes/functions.php on line 5663
[25-Jan-2022 11:18:46 UTC] PHP Notice:  register_rest_route è stato richiamato <strong>in maniera scorretta</strong>. Alla definizione per la rotta REST API <code>jwt-auth/v1/token</code> manca l'argomento necessario <code>permission_callback</code>. Per le rotte REST API che sono pubbliche, utilizza la callback di autorizzazione <code>__return_true</code>. Leggi <a href="https://wordpress.org/support/article/debugging-in-wordpress/">Debugging in WordPress</a> per maggiori informazioni. (Questo messaggio è stato aggiunto nella versione 5.5.0.) in /home/mondodir/public_html/wp-includes/functions.php on line 5663
[25-Jan-2022 11:18:46 UTC] PHP Notice:  register_rest_route è stato richiamato <strong>in maniera scorretta</strong>. Alla definizione per la rotta REST API <code>jwt-auth/v1/token/validate</code> manca l'argomento necessario <code>permission_callback</code>. Per le rotte REST API che sono pubbliche, utilizza la callback di autorizzazione <code>__return_true</code>. Leggi <a href="https://wordpress.org/support/article/debugging-in-wordpress/">Debugging in WordPress</a> per maggiori informazioni. (Questo messaggio è stato aggiunto nella versione 5.5.0.) in /home/mondodir/public_html/wp-includes/functions.php on line 5663
[25-Jan-2022 11:18:53 UTC] PHP Notice:  register_rest_route è stato richiamato <strong>in maniera scorretta</strong>. Alla definizione per la rotta REST API <code>jwt-auth/v1/token</code> manca l'argomento necessario <code>permission_callback</code>. Per le rotte REST API che sono pubbliche, utilizza la callback di autorizzazione <code>__return_true</code>. Leggi <a href="https://wordpress.org/support/article/debugging-in-wordpress/">Debugging in WordPress</a> per maggiori informazioni. (Questo messaggio è stato aggiunto nella versione 5.5.0.) in /home/mondodir/public_html/wp-includes/functions.php on line 5663
[25-Jan-2022 11:18:53 UTC] PHP Notice:  register_rest_route è stato richiamato <strong>in maniera scorretta</strong>. Alla definizione per la rotta REST API <code>jwt-auth/v1/token/validate</code> manca l'argomento necessario <code>permission_callback</code>. Per le rotte REST API che sono pubbliche, utilizza la callback di autorizzazione <code>__return_true</code>. Leggi <a href="https://wordpress.org/support/article/debugging-in-wordpress/">Debugging in WordPress</a> per maggiori informazioni. (Questo messaggio è stato aggiunto nella versione 5.5.0.) in /home/mondodir/public_html/wp-includes/functions.php on line 5663
[25-Jan-2022 11:27:09 UTC] PHP Notice:  Undefined index: session in /home/mondodir/public_html/wp-content/plugins/elementor/core/app/modules/import-export/module.php on line 178
[25-Jan-2022 11:27:24 UTC] PHP Notice:  register_rest_route è stato richiamato <strong>in maniera scorretta</strong>. Alla definizione per la rotta REST API <code>jwt-auth/v1/token</code> manca l'argomento necessario <code>permission_callback</code>. Per le rotte REST API che sono pubbliche, utilizza la callback di autorizzazione <code>__return_true</code>. Leggi <a href="https://wordpress.org/support/article/debugging-in-wordpress/">Debugging in WordPress</a> per maggiori informazioni. (Questo messaggio è stato aggiunto nella versione 5.5.0.) in /home/mondodir/public_html/wp-includes/functions.php on line 5663
[25-Jan-2022 11:27:24 UTC] PHP Notice:  register_rest_route è stato richiamato <strong>in maniera scorretta</strong>. Alla definizione per la rotta REST API <code>jwt-auth/v1/token/validate</code> manca l'argomento necessario <code>permission_callback</code>. Per le rotte REST API che sono pubbliche, utilizza la callback di autorizzazione <code>__return_true</code>. Leggi <a href="https://wordpress.org/support/article/debugging-in-wordpress/">Debugging in WordPress</a> per maggiori informazioni. (Questo messaggio è stato aggiunto nella versione 5.5.0.) in /home/mondodir/public_html/wp-includes/functions.php on line 5663
[25-Jan-2022 22:07:41 UTC] PHP Notice:  Undefined index: expires in /home/mondodir/public_html/wp-content/plugins/elementor-pro/license/api.php on line 380
[25-Jan-2022 22:07:43 UTC] PHP Notice:  Undefined variable: timezone in /home/mondodir/public_html/wp-content/plugins/salon-booking-plugin-pro/src/SLN/Action/Ajax/CheckDate.php on line 32
[25-Jan-2022 22:07:43 UTC] PHP Notice:  Undefined variable: timezone in /home/mondodir/public_html/wp-content/plugins/salon-booking-plugin-pro/src/SLN/Action/Ajax/CheckDate.php on line 43
[25-Jan-2022 22:07:55 UTC] PHP Notice:  Undefined variable: timezone in /home/mondodir/public_html/wp-content/plugins/salon-booking-plugin-pro/src/SLN/Action/Ajax/CheckDate.php on line 32
[25-Jan-2022 22:07:55 UTC] PHP Notice:  Undefined variable: timezone in /home/mondodir/public_html/wp-content/plugins/salon-booking-plugin-pro/src/SLN/Action/Ajax/CheckDate.php on line 43
[25-Jan-2022 22:07:59 UTC] PHP Notice:  Undefined variable: timezone in /home/mondodir/public_html/wp-content/plugins/salon-booking-plugin-pro/src/SLN/Action/Ajax/CheckDate.php on line 32
[25-Jan-2022 22:07:59 UTC] PHP Notice:  Undefined variable: timezone in /home/mondodir/public_html/wp-content/plugins/salon-booking-plugin-pro/src/SLN/Action/Ajax/CheckDate.php on line 43
[25-Jan-2022 22:14:18 UTC] PHP Notice:  Undefined index: expires in /home/mondodir/public_html/wp-content/plugins/elementor-pro/license/api.php on line 380
[25-Jan-2022 22:14:23 UTC] PHP Notice:  Undefined index: expires in /home/mondodir/public_html/wp-content/plugins/elementor-pro/license/api.php on line 380
[25-Jan-2022 22:14:23 UTC] PHP Warning:  include(): Filename cannot be empty in /home/mondodir/public_html/wp-content/themes/curly/framework/lib/mkdf.framework.php on line 151
[25-Jan-2022 22:14:23 UTC] PHP Warning:  include(): Failed opening '' for inclusion (include_path='.:/opt/alt/php74/usr/share/pear') in /home/mondodir/public_html/wp-content/themes/curly/framework/lib/mkdf.framework.php on line 151
[26-Jan-2022 04:07:42 UTC] PHP Deprecated:  _register_controls è <strong>deprecata</strong> dalla versione 3.1.0! Al suo posto utilizza Elementor\Controls_Stack::register_controls(). in /home/mondodir/public_html/wp-includes/functions.php on line 5211
[26-Jan-2022 04:07:43 UTC] PHP Deprecated:  _register_controls è <strong>deprecata</strong> dalla versione 3.1.0! Al suo posto utilizza Elementor\Controls_Stack::register_controls(). in /home/mondodir/public_html/wp-includes/functions.php on line 5211
[26-Jan-2022 04:07:43 UTC] PHP Deprecated:  _register_controls è <strong>deprecata</strong> dalla versione 3.1.0! Al suo posto utilizza Elementor\Controls_Stack::register_controls(). in /home/mondodir/public_html/wp-includes/functions.php on line 5211
[26-Jan-2022 04:07:43 UTC] PHP Deprecated:  _register_controls è <strong>deprecata</strong> dalla versione 3.1.0! Al suo posto utilizza Elementor\Controls_Stack::register_controls(). in /home/mondodir/public_html/wp-includes/functions.php on line 5211
[26-Jan-2022 04:07:43 UTC] PHP Deprecated:  _register_controls è <strong>deprecata</strong> dalla versione 3.1.0! Al suo posto utilizza Elementor\Controls_Stack::register_controls(). in /home/mondodir/public_html/wp-includes/functions.php on line 5211
[26-Jan-2022 04:07:43 UTC] PHP Deprecated:  _register_controls è <strong>deprecata</strong> dalla versione 3.1.0! Al suo posto utilizza Elementor\Controls_Stack::register_controls(). in /home/mondodir/public_html/wp-includes/functions.php on line 5211
[26-Jan-2022 04:07:44 UTC] PHP Deprecated:  _register_controls è <strong>deprecata</strong> dalla versione 3.1.0! Al suo posto utilizza Elementor\Controls_Stack::register_controls(). in /home/mondodir/public_html/wp-includes/functions.php on line 5211
[26-Jan-2022 04:07:44 UTC] PHP Deprecated:  _register_controls è <strong>deprecata</strong> dalla versione 3.1.0! Al suo posto utilizza Elementor\Controls_Stack::register_controls(). in /home/mondodir/public_html/wp-includes/functions.php on line 5211
[26-Jan-2022 04:07:44 UTC] PHP Deprecated:  _register_controls è <strong>deprecata</strong> dalla versione 3.1.0! Al suo posto utilizza Elementor\Controls_Stack::register_controls(). in /home/mondodir/public_html/wp-includes/functions.php on line 5211
[26-Jan-2022 04:07:44 UTC] PHP Deprecated:  _register_controls è <strong>deprecata</strong> dalla versione 3.1.0! Al suo posto utilizza Elementor\Controls_Stack::register_controls(). in /home/mondodir/public_html/wp-includes/functions.php on line 5211
[26-Jan-2022 04:11:11 UTC] PHP Deprecated:  _register_controls è <strong>deprecata</strong> dalla versione 3.1.0! Al suo posto utilizza Elementor\Controls_Stack::register_controls(). in /home/mondodir/public_html/wp-includes/functions.php on line 5211
[26-Jan-2022 04:11:12 UTC] PHP Deprecated:  _register_controls è <strong>deprecata</strong> dalla versione 3.1.0! Al suo posto utilizza Elementor\Controls_Stack::register_controls(). in /home/mondodir/public_html/wp-includes/functions.php on line 5211
[26-Jan-2022 04:11:12 UTC] PHP Deprecated:  _register_controls è <strong>deprecata</strong> dalla versione 3.1.0! Al suo posto utilizza Elementor\Controls_Stack::register_controls(). in /home/mondodir/public_html/wp-includes/functions.php on line 5211
[26-Jan-2022 04:11:12 UTC] PHP Deprecated:  _register_controls è <strong>deprecata</strong> dalla versione 3.1.0! Al suo posto utilizza Elementor\Controls_Stack::register_controls(). in /home/mondodir/public_html/wp-includes/functions.php on line 5211
[26-Jan-2022 04:11:12 UTC] PHP Deprecated:  _register_controls è <strong>deprecata</strong> dalla versione 3.1.0! Al suo posto utilizza Elementor\Controls_Stack::register_controls(). in /home/mondodir/public_html/wp-includes/functions.php on line 5211
[26-Jan-2022 04:11:12 UTC] PHP Deprecated:  _register_controls è <strong>deprecata</strong> dalla versione 3.1.0! Al suo posto utilizza Elementor\Controls_Stack::register_controls(). in /home/mondodir/public_html/wp-includes/functions.php on line 5211
[26-Jan-2022 04:11:12 UTC] PHP Deprecated:  _register_controls è <strong>deprecata</strong> dalla versione 3.1.0! Al suo posto utilizza Elementor\Controls_Stack::register_controls(). in /home/mondodir/public_html/wp-includes/functions.php on line 5211
[26-Jan-2022 04:11:12 UTC] PHP Deprecated:  _register_controls è <strong>deprecata</strong> dalla versione 3.1.0! Al suo posto utilizza Elementor\Controls_Stack::register_controls(). in /home/mondodir/public_html/wp-includes/functions.php on line 5211
[26-Jan-2022 04:11:12 UTC] PHP Deprecated:  _register_controls è <strong>deprecata</strong> dalla versione 3.1.0! Al suo posto utilizza Elementor\Controls_Stack::register_controls(). in /home/mondodir/public_html/wp-includes/functions.php on line 5211
[26-Jan-2022 04:11:12 UTC] PHP Deprecated:  _register_controls è <strong>deprecata</strong> dalla versione 3.1.0! Al suo posto utilizza Elementor\Controls_Stack::register_controls(). in /home/mondodir/public_html/wp-includes/functions.php on line 5211
[26-Jan-2022 04:11:15 UTC] PHP Deprecated:  _register_controls è <strong>deprecata</strong> dalla versione 3.1.0! Al suo posto utilizza Elementor\Controls_Stack::register_controls(). in /home/mondodir/public_html/wp-includes/functions.php on line 5211
[26-Jan-2022 04:11:15 UTC] PHP Deprecated:  _register_controls è <strong>deprecata</strong> dalla versione 3.1.0! Al suo posto utilizza Elementor\Controls_Stack::register_controls(). in /home/mondodir/public_html/wp-includes/functions.php on line 5211
[26-Jan-2022 04:11:15 UTC] PHP Deprecated:  _register_controls è <strong>deprecata</strong> dalla versione 3.1.0! Al suo posto utilizza Elementor\Controls_Stack::register_controls(). in /home/mondodir/public_html/wp-includes/functions.php on line 5211
[26-Jan-2022 04:11:15 UTC] PHP Deprecated:  _register_controls è <strong>deprecata</strong> dalla versione 3.1.0! Al suo posto utilizza Elementor\Controls_Stack::register_controls(). in /home/mondodir/public_html/wp-includes/functions.php on line 5211
[26-Jan-2022 04:11:15 UTC] PHP Deprecated:  _register_controls è <strong>deprecata</strong> dalla versione 3.1.0! Al suo posto utilizza Elementor\Controls_Stack::register_controls(). in /home/mondodir/public_html/wp-includes/functions.php on line 5211
[26-Jan-2022 04:11:15 UTC] PHP Deprecated:  _register_controls è <strong>deprecata</strong> dalla versione 3.1.0! Al suo posto utilizza Elementor\Controls_Stack::register_controls(). in /home/mondodir/public_html/wp-includes/functions.php on line 5211
[26-Jan-2022 04:11:15 UTC] PHP Deprecated:  _register_controls è <strong>deprecata</strong> dalla versione 3.1.0! Al suo posto utilizza Elementor\Controls_Stack::register_controls(). in /home/mondodir/public_html/wp-includes/functions.php on line 5211
[26-Jan-2022 04:11:15 UTC] PHP Deprecated:  _register_controls è <strong>deprecata</strong> dalla versione 3.1.0! Al suo posto utilizza Elementor\Controls_Stack::register_controls(). in /home/mondodir/public_html/wp-includes/functions.php on line 5211
[26-Jan-2022 04:11:15 UTC] PHP Deprecated:  _register_controls è <strong>deprecata</strong> dalla versione 3.1.0! Al suo posto utilizza Elementor\Controls_Stack::register_controls(). in /home/mondodir/public_html/wp-includes/functions.php on line 5211
[26-Jan-2022 04:11:15 UTC] PHP Deprecated:  _register_controls è <strong>deprecata</strong> dalla versione 3.1.0! Al suo posto utilizza Elementor\Controls_Stack::register_controls(). in /home/mondodir/public_html/wp-includes/functions.php on line 5211
[26-Jan-2022 05:58:59 UTC] PHP Warning:  Invalid argument supplied for foreach() in /home/mondodir/public_html/wp-content/plugins/salon-booking-plugin-pro/src/SLN/Action/CleanUpDatabase.php on line 32
[26-Jan-2022 06:02:34 UTC] PHP Deprecated:  _register_controls è <strong>deprecata</strong> dalla versione 3.1.0! Al suo posto utilizza Elementor\Controls_Stack::register_controls(). in /home/mondodir/public_html/wp-includes/functions.php on line 5211
[26-Jan-2022 06:02:34 UTC] PHP Deprecated:  _register_controls è <strong>deprecata</strong> dalla versione 3.1.0! Al suo posto utilizza Elementor\Controls_Stack::register_controls(). in /home/mondodir/public_html/wp-includes/functions.php on line 5211
[26-Jan-2022 06:02:34 UTC] PHP Deprecated:  _register_controls è <strong>deprecata</strong> dalla versione 3.1.0! Al suo posto utilizza Elementor\Controls_Stack::register_controls(). in /home/mondodir/public_html/wp-includes/functions.php on line 5211
[26-Jan-2022 06:02:34 UTC] PHP Deprecated:  _register_controls è <strong>deprecata</strong> dalla versione 3.1.0! Al suo posto utilizza Elementor\Controls_Stack::register_controls(). in /home/mondodir/public_html/wp-includes/functions.php on line 5211
[26-Jan-2022 06:02:34 UTC] PHP Deprecated:  _register_controls è <strong>deprecata</strong> dalla versione 3.1.0! Al suo posto utilizza Elementor\Controls_Stack::register_controls(). in /home/mondodir/public_html/wp-includes/functions.php on line 5211
[26-Jan-2022 06:02:35 UTC] PHP Deprecated:  _register_controls è <strong>deprecata</strong> dalla versione 3.1.0! Al suo posto utilizza Elementor\Controls_Stack::register_controls(). in /home/mondodir/public_html/wp-includes/functions.php on line 5211
[26-Jan-2022 06:02:35 UTC] PHP Deprecated:  _register_controls è <strong>deprecata</strong> dalla versione 3.1.0! Al suo posto utilizza Elementor\Controls_Stack::register_controls(). in /home/mondodir/public_html/wp-includes/functions.php on line 5211
[26-Jan-2022 06:02:35 UTC] PHP Deprecated:  _register_controls è <strong>deprecata</strong> dalla versione 3.1.0! Al suo posto utilizza Elementor\Controls_Stack::register_controls(). in /home/mondodir/public_html/wp-includes/functions.php on line 5211
[26-Jan-2022 06:02:35 UTC] PHP Deprecated:  _register_controls è <strong>deprecata</strong> dalla versione 3.1.0! Al suo posto utilizza Elementor\Controls_Stack::register_controls(). in /home/mondodir/public_html/wp-includes/functions.php on line 5211
[26-Jan-2022 06:02:35 UTC] PHP Deprecated:  _register_controls è <strong>deprecata</strong> dalla versione 3.1.0! Al suo posto utilizza Elementor\Controls_Stack::register_controls(). in /home/mondodir/public_html/wp-includes/functions.php on line 5211
[26-Jan-2022 06:03:18 UTC] PHP Deprecated:  _register_controls è <strong>deprecata</strong> dalla versione 3.1.0! Al suo posto utilizza Elementor\Controls_Stack::register_controls(). in /home/mondodir/public_html/wp-includes/functions.php on line 5211
[26-Jan-2022 06:03:18 UTC] PHP Deprecated:  _register_controls è <strong>deprecata</strong> dalla versione 3.1.0! Al suo posto utilizza Elementor\Controls_Stack::register_controls(). in /home/mondodir/public_html/wp-includes/functions.php on line 5211
[26-Jan-2022 06:03:18 UTC] PHP Deprecated:  _register_controls è <strong>deprecata</strong> dalla versione 3.1.0! Al suo posto utilizza Elementor\Controls_Stack::register_controls(). in /home/mondodir/public_html/wp-includes/functions.php on line 5211
[26-Jan-2022 06:03:18 UTC] PHP Deprecated:  _register_controls è <strong>deprecata</strong> dalla versione 3.1.0! Al suo posto utilizza Elementor\Controls_Stack::register_controls(). in /home/mondodir/public_html/wp-includes/functions.php on line 5211
[26-Jan-2022 06:03:18 UTC] PHP Deprecated:  _register_controls è <strong>deprecata</strong> dalla versione 3.1.0! Al suo posto utilizza Elementor\Controls_Stack::register_controls(). in /home/mondodir/public_html/wp-includes/functions.php on line 5211
[26-Jan-2022 06:03:18 UTC] PHP Deprecated:  _register_controls è <strong>deprecata</strong> dalla versione 3.1.0! Al suo posto utilizza Elementor\Controls_Stack::register_controls(). in /home/mondodir/public_html/wp-includes/functions.php on line 5211
[26-Jan-2022 06:03:18 UTC] PHP Deprecated:  _register_controls è <strong>deprecata</strong> dalla versione 3.1.0! Al suo posto utilizza Elementor\Controls_Stack::register_controls(). in /home/mondodir/public_html/wp-includes/functions.php on line 5211
[26-Jan-2022 06:03:18 UTC] PHP Deprecated:  _register_controls è <strong>deprecata</strong> dalla versione 3.1.0! Al suo posto utilizza Elementor\Controls_Stack::register_controls(). in /home/mondodir/public_html/wp-includes/functions.php on line 5211
[26-Jan-2022 06:03:18 UTC] PHP Deprecated:  _register_controls è <strong>deprecata</strong> dalla versione 3.1.0! Al suo posto utilizza Elementor\Controls_Stack::register_controls(). in /home/mondodir/public_html/wp-includes/functions.php on line 5211
[26-Jan-2022 06:03:18 UTC] PHP Deprecated:  _register_controls è <strong>deprecata</strong> dalla versione 3.1.0! Al suo posto utilizza Elementor\Controls_Stack::register_controls(). in /home/mondodir/public_html/wp-includes/functions.php on line 5211
[26-Jan-2022 06:03:29 UTC] PHP Deprecated:  _register_controls è <strong>deprecata</strong> dalla versione 3.1.0! Al suo posto utilizza Elementor\Controls_Stack::register_controls(). in /home/mondodir/public_html/wp-includes/functions.php on line 5211
[26-Jan-2022 06:03:29 UTC] PHP Deprecated:  _register_controls è <strong>deprecata</strong> dalla versione 3.1.0! Al suo posto utilizza Elementor\Controls_Stack::register_controls(). in /home/mondodir/public_html/wp-includes/functions.php on line 5211
[26-Jan-2022 06:03:34 UTC] PHP Deprecated:  _register_controls è <strong>deprecata</strong> dalla versione 3.1.0! Al suo posto utilizza Elementor\Controls_Stack::register_controls(). in /home/mondodir/public_html/wp-includes/functions.php on line 5211
[26-Jan-2022 06:03:34 UTC] PHP Deprecated:  _register_controls è <strong>deprecata</strong> dalla versione 3.1.0! Al suo posto utilizza Elementor\Controls_Stack::register_controls(). in /home/mondodir/public_html/wp-includes/functions.php on line 5211
[26-Jan-2022 06:03:34 UTC] PHP Deprecated:  _register_controls è <strong>deprecata</strong> dalla versione 3.1.0! Al suo posto utilizza Elementor\Controls_Stack::register_controls(). in /home/mondodir/public_html/wp-includes/functions.php on line 5211
[26-Jan-2022 06:03:34 UTC] PHP Deprecated:  _register_controls è <strong>deprecata</strong> dalla versione 3.1.0! Al suo posto utilizza Elementor\Controls_Stack::register_controls(). in /home/mondodir/public_html/wp-includes/functions.php on line 5211
[26-Jan-2022 06:03:34 UTC] PHP Deprecated:  _register_controls è <strong>deprecata</strong> dalla versione 3.1.0! Al suo posto utilizza Elementor\Controls_Stack::register_controls(). in /home/mondodir/public_html/wp-includes/functions.php on line 5211
[26-Jan-2022 06:03:34 UTC] PHP Deprecated:  _register_controls è <strong>deprecata</strong> dalla versione 3.1.0! Al suo posto utilizza Elementor\Controls_Stack::register_controls(). in /home/mondodir/public_html/wp-includes/functions.php on line 5211
[26-Jan-2022 06:03:34 UTC] PHP Deprecated:  _register_controls è <strong>deprecata</strong> dalla versione 3.1.0! Al suo posto utilizza Elementor\Controls_Stack::register_controls(). in /home/mondodir/public_html/wp-includes/functions.php on line 5211
[26-Jan-2022 06:03:34 UTC] PHP Deprecated:  _register_controls è <strong>deprecata</strong> dalla versione 3.1.0! Al suo posto utilizza Elementor\Controls_Stack::register_controls(). in /home/mondodir/public_html/wp-includes/functions.php on line 5211
[26-Jan-2022 06:03:34 UTC] PHP Deprecated:  _register_controls è <strong>deprecata</strong> dalla versione 3.1.0! Al suo posto utilizza Elementor\Controls_Stack::register_controls(). in /home/mondodir/public_html/wp-includes/functions.php on line 5211
[26-Jan-2022 06:03:34 UTC] PHP Deprecated:  _register_controls è <strong>deprecata</strong> dalla versione 3.1.0! Al suo posto utilizza Elementor\Controls_Stack::register_controls(). in /home/mondodir/public_html/wp-includes/functions.php on line 5211
[26-Jan-2022 06:44:57 UTC] PHP Notice:  Undefined index: expires in /home/mondodir/public_html/wp-content/plugins/elementor-pro/license/api.php on line 380
[26-Jan-2022 06:45:02 UTC] PHP Notice:  Undefined index: expires in /home/mondodir/public_html/wp-content/plugins/elementor-pro/license/api.php on line 380
[26-Jan-2022 06:45:21 UTC] PHP Notice:  Undefined index: expires in /home/mondodir/public_html/wp-content/plugins/elementor-pro/license/api.php on line 380
[26-Jan-2022 06:45:47 UTC] PHP Notice:  Undefined index: expires in /home/mondodir/public_html/wp-content/plugins/elementor-pro/license/api.php on line 380
[26-Jan-2022 06:45:50 UTC] PHP Notice:  Undefined index: expires in /home/mondodir/public_html/wp-content/plugins/elementor-pro/license/api.php on line 380
[26-Jan-2022 06:45:50 UTC] PHP Warning:  include(): Filename cannot be empty in /home/mondodir/public_html/wp-content/themes/curly/framework/lib/mkdf.framework.php on line 151
[26-Jan-2022 06:45:50 UTC] PHP Warning:  include(): Failed opening '' for inclusion (include_path='.:/opt/alt/php74/usr/share/pear') in /home/mondodir/public_html/wp-content/themes/curly/framework/lib/mkdf.framework.php on line 151
[26-Jan-2022 07:15:56 UTC] PHP Notice:  Undefined property: stdClass::$plugin in /home/mondodir/public_html/wp-includes/class-wp-list-util.php on line 166
[26-Jan-2022 07:15:56 UTC] PHP Notice:  Undefined property: stdClass::$plugin in /home/mondodir/public_html/wp-includes/class-wp-list-util.php on line 166
[26-Jan-2022 07:15:57 UTC] PHP Notice:  Undefined index: expires in /home/mondodir/public_html/wp-content/plugins/elementor-pro/license/api.php on line 380
[26-Jan-2022 07:16:18 UTC] PHP Notice:  Undefined property: stdClass::$plugin in /home/mondodir/public_html/wp-includes/class-wp-list-util.php on line 166
[26-Jan-2022 07:16:18 UTC] PHP Notice:  Undefined property: stdClass::$plugin in /home/mondodir/public_html/wp-includes/class-wp-list-util.php on line 166
[26-Jan-2022 07:16:21 UTC] PHP Notice:  Undefined property: stdClass::$plugin in /home/mondodir/public_html/wp-includes/class-wp-list-util.php on line 166
[26-Jan-2022 07:16:21 UTC] PHP Notice:  Undefined property: stdClass::$plugin in /home/mondodir/public_html/wp-includes/class-wp-list-util.php on line 166
[26-Jan-2022 07:16:24 UTC] PHP Notice:  Undefined property: stdClass::$plugin in /home/mondodir/public_html/wp-includes/class-wp-list-util.php on line 166
[26-Jan-2022 07:16:24 UTC] PHP Notice:  Undefined property: stdClass::$plugin in /home/mondodir/public_html/wp-includes/class-wp-list-util.php on line 166
[26-Jan-2022 07:16:54 UTC] PHP Notice:  Undefined index: expires in /home/mondodir/public_html/wp-content/plugins/elementor-pro/license/api.php on line 380
[26-Jan-2022 07:17:02 UTC] PHP Notice:  Undefined index: expires in /home/mondodir/public_html/wp-content/plugins/elementor-pro/license/api.php on line 380
[26-Jan-2022 07:17:03 UTC] PHP Notice:  Undefined index: expires in /home/mondodir/public_html/wp-content/plugins/elementor-pro/license/api.php on line 380
[26-Jan-2022 07:17:20 UTC] PHP Notice:  Undefined index: expires in /home/mondodir/public_html/wp-content/plugins/elementor-pro/license/api.php on line 380
[26-Jan-2022 07:17:36 UTC] PHP Notice:  Undefined index: expires in /home/mondodir/public_html/wp-content/plugins/elementor-pro/license/api.php on line 380
[26-Jan-2022 07:17:43 UTC] PHP Notice:  Undefined index: expires in /home/mondodir/public_html/wp-content/plugins/elementor-pro/license/api.php on line 380
[26-Jan-2022 07:17:46 UTC] PHP Notice:  Undefined index: expires in /home/mondodir/public_html/wp-content/plugins/elementor-pro/license/api.php on line 380
[26-Jan-2022 07:17:51 UTC] PHP Notice:  Undefined index: expires in /home/mondodir/public_html/wp-content/plugins/elementor-pro/license/api.php on line 380
[26-Jan-2022 07:17:57 UTC] PHP Notice:  Undefined index: expires in /home/mondodir/public_html/wp-content/plugins/elementor-pro/license/api.php on line 380
[26-Jan-2022 07:18:07 UTC] PHP Notice:  Undefined index: expires in /home/mondodir/public_html/wp-content/plugins/elementor-pro/license/api.php on line 380
[26-Jan-2022 07:23:00 UTC] PHP Notice:  Undefined index: expires in /home/mondodir/public_html/wp-content/plugins/elementor-pro/license/api.php on line 380
[26-Jan-2022 07:26:18 UTC] PHP Warning:  include(): Filename cannot be empty in /home/mondodir/public_html/wp-content/themes/curly/framework/lib/mkdf.framework.php on line 151
[26-Jan-2022 07:26:18 UTC] PHP Warning:  include(): Failed opening '' for inclusion (include_path='.:/opt/alt/php74/usr/share/pear') in /home/mondodir/public_html/wp-content/themes/curly/framework/lib/mkdf.framework.php on line 151
[26-Jan-2022 07:30:11 UTC] PHP Warning:  include(): Filename cannot be empty in /home/mondodir/public_html/wp-content/themes/curly/framework/lib/mkdf.framework.php on line 151
[26-Jan-2022 07:30:11 UTC] PHP Warning:  include(): Failed opening '' for inclusion (include_path='.:/opt/alt/php74/usr/share/pear') in /home/mondodir/public_html/wp-content/themes/curly/framework/lib/mkdf.framework.php on line 151
[26-Jan-2022 18:51:33 UTC] PHP Warning:  require(/home/mondodir/public_html/wp-includes/sodium_compat/autoload.php): failed to open stream: No such file or directory in /home/mondodir/public_html/wp-includes/compat.php on line 337
[26-Jan-2022 18:51:33 UTC] PHP Fatal error:  require(): Failed opening required '/home/mondodir/public_html/wp-includes/sodium_compat/autoload.php' (include_path='.:/opt/alt/php74/usr/share/pear') in /home/mondodir/public_html/wp-includes/compat.php on line 337
[26-Jan-2022 18:51:33 UTC] PHP Warning:  require_once(/home/mondodir/public_html/wp-includes/pomo/mo.php): failed to open stream: No such file or directory in /home/mondodir/public_html/wp-includes/load.php on line 1306
[26-Jan-2022 18:51:33 UTC] PHP Fatal error:  require_once(): Failed opening required '/home/mondodir/public_html/wp-includes/pomo/mo.php' (include_path='.:/opt/alt/php74/usr/share/pear') in /home/mondodir/public_html/wp-includes/load.php on line 1306
[26-Jan-2022 18:51:47 UTC] PHP Warning:  require(/home/mondodir/public_html/wp-includes/sodium_compat/autoload.php): failed to open stream: No such file or directory in /home/mondodir/public_html/wp-includes/compat.php on line 337
[26-Jan-2022 18:51:47 UTC] PHP Fatal error:  require(): Failed opening required '/home/mondodir/public_html/wp-includes/sodium_compat/autoload.php' (include_path='.:/opt/alt/php74/usr/share/pear') in /home/mondodir/public_html/wp-includes/compat.php on line 337
[26-Jan-2022 18:53:48 UTC] PHP Warning:  require_once(/home/mondodir/public_html/wp-includes/sodium_compat/src/Compat.php): failed to open stream: No such file or directory in /home/mondodir/public_html/wp-includes/sodium_compat/autoload.php on line 45
[26-Jan-2022 18:53:48 UTC] PHP Fatal error:  require_once(): Failed opening required '/home/mondodir/public_html/wp-includes/sodium_compat/src/Compat.php' (include_path='.:/opt/alt/php74/usr/share/pear') in /home/mondodir/public_html/wp-includes/sodium_compat/autoload.php on line 45
[26-Jan-2022 18:58:25 UTC] PHP Notice:  Undefined variable: timezone in /home/mondodir/public_html/wp-content/plugins/salon-booking-plugin-pro/src/SLN/Action/Ajax/CheckDate.php on line 32
[26-Jan-2022 18:58:25 UTC] PHP Notice:  Undefined variable: timezone in /home/mondodir/public_html/wp-content/plugins/salon-booking-plugin-pro/src/SLN/Action/Ajax/CheckDate.php on line 43
[26-Jan-2022 18:58:25 UTC] PHP Fatal error:  Uncaught Exception: DateTime::__construct(): Failed to parse time string (27 Gen 2022 20:50) at position 0 (2): Unexpected character in /home/mondodir/public_html/wp-content/plugins/salon-booking-plugin-pro/src/SLN/DateTime.php:10
Stack trace:
#0 /home/mondodir/public_html/wp-content/plugins/salon-booking-plugin-pro/src/SLN/DateTime.php(10): DateTime->__construct('27 Gen 2022 20:...', Object(DateTimeZone))
#1 /home/mondodir/public_html/wp-content/plugins/salon-booking-plugin-pro/src/SLN/Wrapper/Booking/Builder.php(98): SLN_DateTime->__construct('27 Gen 2022 20:...')
#2 /home/mondodir/public_html/wp-content/plugins/salon-booking-plugin-pro/src/SLN/Shortcode/Salon/AttendantStep.php(16): SLN_Wrapper_Booking_Builder->getDateTime()
#3 /home/mondodir/public_html/wp-content/plugins/salon-booking-plugin-pro/src/SLN/Shortcode/Salon/Step.php(22): SLN_Shortcode_Salon_AttendantStep->dispatchForm()
#4 /home/mondodir/public_html/wp-content/plugins/salon-booking-plugin-pro/src/SLN/Shortcode/Salon/AttendantStep.php(186): SLN in /home/mondodir/public_html/wp-content/plugins/salon-booking-plugin-pro/src/SLN/DateTime.php on line 10
[26-Jan-2022 18:59:44 UTC] PHP Notice:  Undefined variable: item in /home/mondodir/public_html/wp-content/plugins/salon-booking-plugin-pro/views/shortcode/salon_my_account/salon_my_account_details.php on line 101
[26-Jan-2022 18:59:44 UTC] PHP Notice:  Trying to access array offset on value of type null in /home/mondodir/public_html/wp-content/plugins/salon-booking-plugin-pro/views/shortcode/salon_my_account/salon_my_account_details.php on line 101
[26-Jan-2022 18:59:46 UTC] PHP Fatal error:  Uncaught Exception: DateTime::__construct(): Failed to parse time string (27 Gen 2022 20:50) at position 0 (2): Unexpected character in /home/mondodir/public_html/wp-content/plugins/salon-booking-plugin-pro/src/SLN/DateTime.php:10
Stack trace:
#0 /home/mondodir/public_html/wp-content/plugins/salon-booking-plugin-pro/src/SLN/DateTime.php(10): DateTime->__construct('27 Gen 2022 20:...', Object(DateTimeZone))
#1 /home/mondodir/public_html/wp-content/plugins/salon-booking-plugin-pro/src/SLN/Wrapper/Booking/Builder.php(98): SLN_DateTime->__construct('27 Gen 2022 20:...')
#2 /home/mondodir/public_html/wp-content/plugins/salon-booking-plugin-pro/views/shortcode/_services.php(12): SLN_Wrapper_Booking_Builder->getDateTime()
#3 /home/mondodir/public_html/wp-content/plugins/salon-booking-plugin-pro/views/shortcode/salon_services.php(39): include('/home/mondodir/...')
#4 /home/mondodir/public_html/wp-content/plugins/salon-booking-plugin-pro/src/SLN/Service/Templating.php(27): include('/home/mondodir/...')
#5 /home/mondod in /home/mondodir/public_html/wp-content/plugins/salon-booking-plugin-pro/src/SLN/DateTime.php on line 10
[26-Jan-2022 19:01:30 UTC] PHP Warning:  require_once(/home/mondodir/public_html//wp-admin/includes/plugin.php): failed to open stream: No such file or directory in /home/mondodir/public_html/wp-content/plugins/envato-market/envato-market.php on line 50
[26-Jan-2022 19:01:30 UTC] PHP Fatal error:  require_once(): Failed opening required '/home/mondodir/public_html//wp-admin/includes/plugin.php' (include_path='.:/opt/alt/php74/usr/share/pear') in /home/mondodir/public_html/wp-content/plugins/envato-market/envato-market.php on line 50
[26-Jan-2022 19:01:30 UTC] PHP Warning:  require_once(/home/mondodir/public_html/wp-admin/includes/plugin.php): failed to open stream: No such file or directory in /home/mondodir/public_html/wp-includes/class-wp-recovery-mode-email-service.php on line 296
[26-Jan-2022 19:01:30 UTC] PHP Fatal error:  require_once(): Failed opening required '/home/mondodir/public_html/wp-admin/includes/plugin.php' (include_path='.:/opt/alt/php74/usr/share/pear') in /home/mondodir/public_html/wp-includes/class-wp-recovery-mode-email-service.php on line 296
[26-Jan-2022 19:03:39 UTC] PHP Fatal error:  Uncaught Exception: DateTime::__construct(): Failed to parse time string (27 Gen 2022 20:50) at position 0 (2): Unexpected character in /home/mondodir/public_html/wp-content/plugins/salon-booking-plugin-pro/src/SLN/DateTime.php:10
Stack trace:
#0 /home/mondodir/public_html/wp-content/plugins/salon-booking-plugin-pro/src/SLN/DateTime.php(10): DateTime->__construct('27 Gen 2022 20:...', Object(DateTimeZone))
#1 /home/mondodir/public_html/wp-content/plugins/salon-booking-plugin-pro/src/SLN/Wrapper/Booking/Builder.php(98): SLN_DateTime->__construct('27 Gen 2022 20:...')
#2 /home/mondodir/public_html/wp-content/plugins/salon-booking-plugin-pro/views/shortcode/_services.php(12): SLN_Wrapper_Booking_Builder->getDateTime()
#3 /home/mondodir/public_html/wp-content/plugins/salon-booking-plugin-pro/views/shortcode/salon_services.php(39): include('/home/mondodir/...')
#4 /home/mondodir/public_html/wp-content/plugins/salon-booking-plugin-pro/src/SLN/Service/Templating.php(27): include('/home/mondodir/...')
#5 /home/mondod in /home/mondodir/public_html/wp-content/plugins/salon-booking-plugin-pro/src/SLN/DateTime.php on line 10
[26-Jan-2022 19:03:43 UTC] PHP Fatal error:  Uncaught Exception: DateTime::__construct(): Failed to parse time string (27 Gen 2022 20:50) at position 0 (2): Unexpected character in /home/mondodir/public_html/wp-content/plugins/salon-booking-plugin-pro/src/SLN/DateTime.php:10
Stack trace:
#0 /home/mondodir/public_html/wp-content/plugins/salon-booking-plugin-pro/src/SLN/DateTime.php(10): DateTime->__construct('27 Gen 2022 20:...', Object(DateTimeZone))
#1 /home/mondodir/public_html/wp-content/plugins/salon-booking-plugin-pro/src/SLN/Wrapper/Booking/Builder.php(98): SLN_DateTime->__construct('27 Gen 2022 20:...')
#2 /home/mondodir/public_html/wp-content/plugins/salon-booking-plugin-pro/views/shortcode/_services.php(12): SLN_Wrapper_Booking_Builder->getDateTime()
#3 /home/mondodir/public_html/wp-content/plugins/salon-booking-plugin-pro/views/shortcode/salon_services.php(39): include('/home/mondodir/...')
#4 /home/mondodir/public_html/wp-content/plugins/salon-booking-plugin-pro/src/SLN/Service/Templating.php(27): include('/home/mondodir/...')
#5 /home/mondod in /home/mondodir/public_html/wp-content/plugins/salon-booking-plugin-pro/src/SLN/DateTime.php on line 10
[26-Jan-2022 19:04:26 UTC] PHP Notice:  Undefined variable: timezone in /home/mondodir/public_html/wp-content/plugins/salon-booking-plugin-pro/src/SLN/Action/Ajax/CheckDate.php on line 32
[26-Jan-2022 19:04:26 UTC] PHP Notice:  Undefined variable: timezone in /home/mondodir/public_html/wp-content/plugins/salon-booking-plugin-pro/src/SLN/Action/Ajax/CheckDate.php on line 43
[26-Jan-2022 21:10:56 UTC] PHP Notice:  Undefined variable: timezone in /home/mondodir/public_html/wp-content/plugins/salon-booking-plugin-pro/src/SLN/Action/Ajax/CheckDate.php on line 32
[26-Jan-2022 21:10:56 UTC] PHP Notice:  Undefined variable: timezone in /home/mondodir/public_html/wp-content/plugins/salon-booking-plugin-pro/src/SLN/Action/Ajax/CheckDate.php on line 43
[27-Jan-2022 05:21:03 UTC] PHP Notice:  Undefined variable: item in /home/mondodir/public_html/wp-content/plugins/salon-booking-plugin-pro/views/shortcode/salon_my_account/salon_my_account_details.php on line 101
[27-Jan-2022 05:21:03 UTC] PHP Notice:  Trying to access array offset on value of type null in /home/mondodir/public_html/wp-content/plugins/salon-booking-plugin-pro/views/shortcode/salon_my_account/salon_my_account_details.php on line 101
[27-Jan-2022 05:21:24 UTC] PHP Notice:  Undefined variable: timezone in /home/mondodir/public_html/wp-content/plugins/salon-booking-plugin-pro/src/SLN/Action/Ajax/CheckDate.php on line 32
[27-Jan-2022 05:21:24 UTC] PHP Notice:  Undefined variable: timezone in /home/mondodir/public_html/wp-content/plugins/salon-booking-plugin-pro/src/SLN/Action/Ajax/CheckDate.php on line 43
[27-Jan-2022 05:21:24 UTC] PHP Notice:  Undefined property: SLN_CheckoutField::$isDefault in /home/mondodir/public_html/wp-content/plugins/salon-booking-plugin-pro/views/shortcode/salon_details.php on line 406
[27-Jan-2022 05:21:24 UTC] PHP Notice:  Undefined property: SLN_CheckoutField::$isDefault in /home/mondodir/public_html/wp-content/plugins/salon-booking-plugin-pro/views/shortcode/salon_details.php on line 406
[27-Jan-2022 05:21:24 UTC] PHP Notice:  Undefined property: SLN_CheckoutField::$isDefault in /home/mondodir/public_html/wp-content/plugins/salon-booking-plugin-pro/views/shortcode/salon_details.php on line 406
[27-Jan-2022 05:21:24 UTC] PHP Notice:  Undefined property: SLN_CheckoutField::$isDefault in /home/mondodir/public_html/wp-content/plugins/salon-booking-plugin-pro/views/shortcode/salon_details.php on line 406
[27-Jan-2022 05:21:24 UTC] PHP Notice:  Undefined property: SLN_CheckoutField::$isDefault in /home/mondodir/public_html/wp-content/plugins/salon-booking-plugin-pro/views/shortcode/salon_details.php on line 406
[27-Jan-2022 05:21:40 UTC] SLN booking date/time: 2022-01-28 08:50
[27-Jan-2022 05:21:40 UTC] SLN booking services: Array
(
    [6629] => 6566
)

[27-Jan-2022 05:21:40 UTC] SLN booking settings: Array
(
    [attendant_enabled] => 1
)

[27-Jan-2022 05:21:40 UTC] SLN booking service id: 6629
[27-Jan-2022 05:21:40 UTC] SLN booking service attendant enabled: 1
[27-Jan-2022 05:21:40 UTC] SLN booking service attendant id: 6566
[27-Jan-2022 05:21:40 UTC] PHP Notice:  compact(): Undefined variable: updated_message in /home/mondodir/public_html/wp-content/plugins/salon-booking-plugin-pro/views/mail/template.php on line 174
[27-Jan-2022 05:21:40 UTC] PHP Notice:  compact(): Undefined variable: customer in /home/mondodir/public_html/wp-content/plugins/salon-booking-plugin-pro/views/mail/template.php on line 174
[27-Jan-2022 05:21:40 UTC] PHP Notice:  compact(): Undefined variable: updated in /home/mondodir/public_html/wp-content/plugins/salon-booking-plugin-pro/views/mail/template.php on line 174
[27-Jan-2022 05:21:40 UTC] PHP Notice:  compact(): Undefined variable: remind in /home/mondodir/public_html/wp-content/plugins/salon-booking-plugin-pro/views/mail/template.php on line 174
[27-Jan-2022 05:21:40 UTC] PHP Notice:  compact(): Undefined variable: customer in /home/mondodir/public_html/wp-content/plugins/salon-booking-plugin-pro/views/mail/template.php on line 205
[27-Jan-2022 05:21:42 UTC] PHP Notice:  compact(): Undefined variable: updated_message in /home/mondodir/public_html/wp-content/plugins/salon-booking-plugin-pro/views/mail/template.php on line 174
[27-Jan-2022 05:21:42 UTC] PHP Notice:  compact(): Undefined variable: customer in /home/mondodir/public_html/wp-content/plugins/salon-booking-plugin-pro/views/mail/template.php on line 174
[27-Jan-2022 05:21:42 UTC] PHP Notice:  compact(): Undefined variable: updated in /home/mondodir/public_html/wp-content/plugins/salon-booking-plugin-pro/views/mail/template.php on line 174
[27-Jan-2022 05:21:42 UTC] PHP Notice:  compact(): Undefined variable: remind in /home/mondodir/public_html/wp-content/plugins/salon-booking-plugin-pro/views/mail/template.php on line 174
[27-Jan-2022 05:24:34 UTC] PHP Notice:  Undefined variable: timezone in /home/mondodir/public_html/wp-content/plugins/salon-booking-plugin-pro/src/SLN/Action/Ajax/CheckDate.php on line 32
[27-Jan-2022 05:24:34 UTC] PHP Notice:  Undefined variable: timezone in /home/mondodir/public_html/wp-content/plugins/salon-booking-plugin-pro/src/SLN/Action/Ajax/CheckDate.php on line 43
[27-Jan-2022 05:24:34 UTC] PHP Notice:  Undefined property: SLN_CheckoutField::$isDefault in /home/mondodir/public_html/wp-content/plugins/salon-booking-plugin-pro/views/shortcode/salon_details.php on line 406
[27-Jan-2022 05:24:34 UTC] PHP Notice:  Undefined property: SLN_CheckoutField::$isDefault in /home/mondodir/public_html/wp-content/plugins/salon-booking-plugin-pro/views/shortcode/salon_details.php on line 406
[27-Jan-2022 05:24:34 UTC] PHP Notice:  Undefined property: SLN_CheckoutField::$isDefault in /home/mondodir/public_html/wp-content/plugins/salon-booking-plugin-pro/views/shortcode/salon_details.php on line 406
[27-Jan-2022 05:24:34 UTC] PHP Notice:  Undefined property: SLN_CheckoutField::$isDefault in /home/mondodir/public_html/wp-content/plugins/salon-booking-plugin-pro/views/shortcode/salon_details.php on line 406
[27-Jan-2022 05:24:34 UTC] PHP Notice:  Undefined property: SLN_CheckoutField::$isDefault in /home/mondodir/public_html/wp-content/plugins/salon-booking-plugin-pro/views/shortcode/salon_details.php on line 406
[27-Jan-2022 05:24:43 UTC] SLN booking date/time: 2022-01-28 09:30
[27-Jan-2022 05:24:43 UTC] SLN booking services: Array
(
    [6629] => 6570
)

[27-Jan-2022 05:24:43 UTC] SLN booking settings: Array
(
    [attendant_enabled] => 1
)

[27-Jan-2022 05:24:43 UTC] SLN booking service id: 6629
[27-Jan-2022 05:24:43 UTC] SLN booking service attendant enabled: 1
[27-Jan-2022 05:24:43 UTC] SLN booking service attendant id: 6570
[27-Jan-2022 05:24:43 UTC] PHP Notice:  compact(): Undefined variable: updated_message in /home/mondodir/public_html/wp-content/plugins/salon-booking-plugin-pro/views/mail/template.php on line 174
[27-Jan-2022 05:24:43 UTC] PHP Notice:  compact(): Undefined variable: customer in /home/mondodir/public_html/wp-content/plugins/salon-booking-plugin-pro/views/mail/template.php on line 174
[27-Jan-2022 05:24:43 UTC] PHP Notice:  compact(): Undefined variable: updated in /home/mondodir/public_html/wp-content/plugins/salon-booking-plugin-pro/views/mail/template.php on line 174
[27-Jan-2022 05:24:43 UTC] PHP Notice:  compact(): Undefined variable: remind in /home/mondodir/public_html/wp-content/plugins/salon-booking-plugin-pro/views/mail/template.php on line 174
[27-Jan-2022 05:24:43 UTC] PHP Notice:  compact(): Undefined variable: customer in /home/mondodir/public_html/wp-content/plugins/salon-booking-plugin-pro/views/mail/template.php on line 205
[27-Jan-2022 05:24:44 UTC] PHP Notice:  compact(): Undefined variable: updated_message in /home/mondodir/public_html/wp-content/plugins/salon-booking-plugin-pro/views/mail/template.php on line 174
[27-Jan-2022 05:24:44 UTC] PHP Notice:  compact(): Undefined variable: customer in /home/mondodir/public_html/wp-content/plugins/salon-booking-plugin-pro/views/mail/template.php on line 174
[27-Jan-2022 05:24:44 UTC] PHP Notice:  compact(): Undefined variable: updated in /home/mondodir/public_html/wp-content/plugins/salon-booking-plugin-pro/views/mail/template.php on line 174
[27-Jan-2022 05:24:44 UTC] PHP Notice:  compact(): Undefined variable: remind in /home/mondodir/public_html/wp-content/plugins/salon-booking-plugin-pro/views/mail/template.php on line 174
[27-Jan-2022 05:35:27 UTC] PHP Deprecated:  _register_controls è <strong>deprecata</strong> dalla versione 3.1.0! Al suo posto utilizza Elementor\Controls_Stack::register_controls(). in /home/mondodir/public_html/wp-includes/functions.php on line 5316
[27-Jan-2022 05:35:27 UTC] PHP Deprecated:  _register_controls è <strong>deprecata</strong> dalla versione 3.1.0! Al suo posto utilizza Elementor\Controls_Stack::register_controls(). in /home/mondodir/public_html/wp-includes/functions.php on line 5316
[27-Jan-2022 05:35:27 UTC] PHP Deprecated:  _register_controls è <strong>deprecata</strong> dalla versione 3.1.0! Al suo posto utilizza Elementor\Controls_Stack::register_controls(). in /home/mondodir/public_html/wp-includes/functions.php on line 5316
[27-Jan-2022 05:35:27 UTC] PHP Deprecated:  _register_controls è <strong>deprecata</strong> dalla versione 3.1.0! Al suo posto utilizza Elementor\Controls_Stack::register_controls(). in /home/mondodir/public_html/wp-includes/functions.php on line 5316
[27-Jan-2022 05:35:27 UTC] PHP Deprecated:  _register_controls è <strong>deprecata</strong> dalla versione 3.1.0! Al suo posto utilizza Elementor\Controls_Stack::register_controls(). in /home/mondodir/public_html/wp-includes/functions.php on line 5316
[27-Jan-2022 05:35:27 UTC] PHP Deprecated:  _register_controls è <strong>deprecata</strong> dalla versione 3.1.0! Al suo posto utilizza Elementor\Controls_Stack::register_controls(). in /home/mondodir/public_html/wp-includes/functions.php on line 5316
[27-Jan-2022 05:35:27 UTC] PHP Deprecated:  _register_controls è <strong>deprecata</strong> dalla versione 3.1.0! Al suo posto utilizza Elementor\Controls_Stack::register_controls(). in /home/mondodir/public_html/wp-includes/functions.php on line 5316
[27-Jan-2022 05:35:27 UTC] PHP Deprecated:  _register_controls è <strong>deprecata</strong> dalla versione 3.1.0! Al suo posto utilizza Elementor\Controls_Stack::register_controls(). in /home/mondodir/public_html/wp-includes/functions.php on line 5316
[27-Jan-2022 05:35:27 UTC] PHP Deprecated:  _register_controls è <strong>deprecata</strong> dalla versione 3.1.0! Al suo posto utilizza Elementor\Controls_Stack::register_controls(). in /home/mondodir/public_html/wp-includes/functions.php on line 5316
[27-Jan-2022 05:35:27 UTC] PHP Deprecated:  _register_controls è <strong>deprecata</strong> dalla versione 3.1.0! Al suo posto utilizza Elementor\Controls_Stack::register_controls(). in /home/mondodir/public_html/wp-includes/functions.php on line 5316
[27-Jan-2022 05:35:29 UTC] PHP Deprecated:  _register_controls è <strong>deprecata</strong> dalla versione 3.1.0! Al suo posto utilizza Elementor\Controls_Stack::register_controls(). in /home/mondodir/public_html/wp-includes/functions.php on line 5316
[27-Jan-2022 05:35:29 UTC] PHP Deprecated:  _register_controls è <strong>deprecata</strong> dalla versione 3.1.0! Al suo posto utilizza Elementor\Controls_Stack::register_controls(). in /home/mondodir/public_html/wp-includes/functions.php on line 5316
[27-Jan-2022 05:35:29 UTC] PHP Deprecated:  _register_controls è <strong>deprecata</strong> dalla versione 3.1.0! Al suo posto utilizza Elementor\Controls_Stack::register_controls(). in /home/mondodir/public_html/wp-includes/functions.php on line 5316
[27-Jan-2022 05:35:29 UTC] PHP Deprecated:  _register_controls è <strong>deprecata</strong> dalla versione 3.1.0! Al suo posto utilizza Elementor\Controls_Stack::register_controls(). in /home/mondodir/public_html/wp-includes/functions.php on line 5316
[27-Jan-2022 05:35:29 UTC] PHP Deprecated:  _register_controls è <strong>deprecata</strong> dalla versione 3.1.0! Al suo posto utilizza Elementor\Controls_Stack::register_controls(). in /home/mondodir/public_html/wp-includes/functions.php on line 5316
[27-Jan-2022 05:35:30 UTC] PHP Deprecated:  _register_controls è <strong>deprecata</strong> dalla versione 3.1.0! Al suo posto utilizza Elementor\Controls_Stack::register_controls(). in /home/mondodir/public_html/wp-includes/functions.php on line 5316
[27-Jan-2022 05:35:30 UTC] PHP Deprecated:  _register_controls è <strong>deprecata</strong> dalla versione 3.1.0! Al suo posto utilizza Elementor\Controls_Stack::register_controls(). in /home/mondodir/public_html/wp-includes/functions.php on line 5316
[27-Jan-2022 05:35:30 UTC] PHP Deprecated:  _register_controls è <strong>deprecata</strong> dalla versione 3.1.0! Al suo posto utilizza Elementor\Controls_Stack::register_controls(). in /home/mondodir/public_html/wp-includes/functions.php on line 5316
[27-Jan-2022 05:35:30 UTC] PHP Deprecated:  _register_controls è <strong>deprecata</strong> dalla versione 3.1.0! Al suo posto utilizza Elementor\Controls_Stack::register_controls(). in /home/mondodir/public_html/wp-includes/functions.php on line 5316
[27-Jan-2022 05:35:30 UTC] PHP Deprecated:  _register_controls è <strong>deprecata</strong> dalla versione 3.1.0! Al suo posto utilizza Elementor\Controls_Stack::register_controls(). in /home/mondodir/public_html/wp-includes/functions.php on line 5316
[27-Jan-2022 05:35:39 UTC] PHP Deprecated:  _register_controls è <strong>deprecata</strong> dalla versione 3.1.0! Al suo posto utilizza Elementor\Controls_Stack::register_controls(). in /home/mondodir/public_html/wp-includes/functions.php on line 5316
[27-Jan-2022 05:35:39 UTC] PHP Deprecated:  _register_controls è <strong>deprecata</strong> dalla versione 3.1.0! Al suo posto utilizza Elementor\Controls_Stack::register_controls(). in /home/mondodir/public_html/wp-includes/functions.php on line 5316
[27-Jan-2022 05:35:39 UTC] PHP Deprecated:  _register_controls è <strong>deprecata</strong> dalla versione 3.1.0! Al suo posto utilizza Elementor\Controls_Stack::register_controls(). in /home/mondodir/public_html/wp-includes/functions.php on line 5316
[27-Jan-2022 05:35:39 UTC] PHP Deprecated:  _register_controls è <strong>deprecata</strong> dalla versione 3.1.0! Al suo posto utilizza Elementor\Controls_Stack::register_controls(). in /home/mondodir/public_html/wp-includes/functions.php on line 5316
[27-Jan-2022 05:35:39 UTC] PHP Deprecated:  _register_controls è <strong>deprecata</strong> dalla versione 3.1.0! Al suo posto utilizza Elementor\Controls_Stack::register_controls(). in /home/mondodir/public_html/wp-includes/functions.php on line 5316
[27-Jan-2022 05:35:39 UTC] PHP Deprecated:  _register_controls è <strong>deprecata</strong> dalla versione 3.1.0! Al suo posto utilizza Elementor\Controls_Stack::register_controls(). in /home/mondodir/public_html/wp-includes/functions.php on line 5316
[27-Jan-2022 05:35:39 UTC] PHP Deprecated:  _register_controls è <strong>deprecata</strong> dalla versione 3.1.0! Al suo posto utilizza Elementor\Controls_Stack::register_controls(). in /home/mondodir/public_html/wp-includes/functions.php on line 5316
[27-Jan-2022 05:35:39 UTC] PHP Deprecated:  _register_controls è <strong>deprecata</strong> dalla versione 3.1.0! Al suo posto utilizza Elementor\Controls_Stack::register_controls(). in /home/mondodir/public_html/wp-includes/functions.php on line 5316
[27-Jan-2022 05:35:39 UTC] PHP Deprecated:  _register_controls è <strong>deprecata</strong> dalla versione 3.1.0! Al suo posto utilizza Elementor\Controls_Stack::register_controls(). in /home/mondodir/public_html/wp-includes/functions.php on line 5316
[27-Jan-2022 05:35:39 UTC] PHP Deprecated:  _register_controls è <strong>deprecata</strong> dalla versione 3.1.0! Al suo posto utilizza Elementor\Controls_Stack::register_controls(). in /home/mondodir/public_html/wp-includes/functions.php on line 5316
[27-Jan-2022 05:35:40 UTC] PHP Warning:  Invalid argument supplied for foreach() in /home/mondodir/public_html/wp-content/plugins/salon-booking-plugin-pro/src/SLN/Action/CleanUpDatabase.php on line 32
[27-Jan-2022 05:36:13 UTC] PHP Notice:  Undefined variable: timezone in /home/mondodir/public_html/wp-content/plugins/salon-booking-plugin-pro/src/SLN/Action/Ajax/CheckDate.php on line 32
[27-Jan-2022 05:36:13 UTC] PHP Notice:  Undefined variable: timezone in /home/mondodir/public_html/wp-content/plugins/salon-booking-plugin-pro/src/SLN/Action/Ajax/CheckDate.php on line 43
[27-Jan-2022 05:36:13 UTC] PHP Notice:  Undefined index: file in /home/mondodir/public_html/wp-content/plugins/query-monitor/collectors/php_errors.php on line 375
[27-Jan-2022 05:36:13 UTC] PHP Notice:  Undefined index: line in /home/mondodir/public_html/wp-content/plugins/query-monitor/collectors/php_errors.php on line 375
[27-Jan-2022 05:36:13 UTC] PHP Notice:  Undefined index: file in /home/mondodir/public_html/wp-content/plugins/query-monitor/collectors/php_errors.php on line 375
[27-Jan-2022 05:36:13 UTC] PHP Notice:  Undefined index: line in /home/mondodir/public_html/wp-content/plugins/query-monitor/collectors/php_errors.php on line 375
[27-Jan-2022 05:36:13 UTC] PHP Fatal error:  Uncaught Exception: DateTime::__construct(): Failed to parse time string (28 Gen 2022 08:30) at position 0 (2): Unexpected character in /home/mondodir/public_html/wp-content/plugins/salon-booking-plugin-pro/src/SLN/DateTime.php:10
Stack trace:
#0 /home/mondodir/public_html/wp-content/plugins/salon-booking-plugin-pro/src/SLN/DateTime.php(10): DateTime->__construct('28 Gen 2022 08:...', Object(DateTimeZone))
#1 /home/mondodir/public_html/wp-content/plugins/salon-booking-plugin-pro/src/SLN/Wrapper/Booking/Builder.php(98): SLN_DateTime->__construct('28 Gen 2022 08:...')
#2 /home/mondodir/public_html/wp-content/plugins/salon-booking-plugin-pro/src/SLN/Shortcode/Salon/AttendantStep.php(16): SLN_Wrapper_Booking_Builder->getDateTime()
#3 /home/mondodir/public_html/wp-content/plugins/salon-booking-plugin-pro/src/SLN/Shortcode/Salon/Step.php(22): SLN_Shortcode_Salon_AttendantStep->dispatchForm()
#4 /home/mondodir/public_html/wp-content/plugins/salon-booking-plugin-pro/src/SLN/Shortcode/Salon/AttendantStep.php(186): SLN in /home/mondodir/public_html/wp-content/plugins/salon-booking-plugin-pro/src/SLN/DateTime.php on line 10
[27-Jan-2022 05:37:08 UTC] PHP Notice:  Undefined index: file in /home/mondodir/public_html/wp-content/plugins/query-monitor/collectors/php_errors.php on line 375
[27-Jan-2022 05:37:08 UTC] PHP Notice:  Undefined index: line in /home/mondodir/public_html/wp-content/plugins/query-monitor/collectors/php_errors.php on line 375
[27-Jan-2022 05:37:08 UTC] PHP Notice:  Undefined index: file in /home/mondodir/public_html/wp-content/plugins/query-monitor/collectors/php_errors.php on line 375
[27-Jan-2022 05:37:08 UTC] PHP Notice:  Undefined index: line in /home/mondodir/public_html/wp-content/plugins/query-monitor/collectors/php_errors.php on line 375
[27-Jan-2022 05:37:08 UTC] PHP Fatal error:  Uncaught Exception: DateTime::__construct(): Failed to parse time string (28 Gen 2022 08:30) at position 0 (2): Unexpected character in /home/mondodir/public_html/wp-content/plugins/salon-booking-plugin-pro/src/SLN/DateTime.php:10
Stack trace:
#0 /home/mondodir/public_html/wp-content/plugins/salon-booking-plugin-pro/src/SLN/DateTime.php(10): DateTime->__construct('28 Gen 2022 08:...', Object(DateTimeZone))
#1 /home/mondodir/public_html/wp-content/plugins/salon-booking-plugin-pro/src/SLN/Wrapper/Booking/Builder.php(98): SLN_DateTime->__construct('28 Gen 2022 08:...')
#2 /home/mondodir/public_html/wp-content/plugins/salon-booking-plugin-pro/views/shortcode/_services.php(12): SLN_Wrapper_Booking_Builder->getDateTime()
#3 /home/mondodir/public_html/wp-content/plugins/salon-booking-plugin-pro/views/shortcode/salon_services.php(39): include('/home/mondodir/...')
#4 /home/mondodir/public_html/wp-content/plugins/salon-booking-plugin-pro/src/SLN/Service/Templating.php(27): include('/home/mondodir/...')
#5 /home/mondod in /home/mondodir/public_html/wp-content/plugins/salon-booking-plugin-pro/src/SLN/DateTime.php on line 10
[27-Jan-2022 05:43:48 UTC] PHP Notice:  Undefined index: file in /home/mondodir/public_html/wp-content/plugins/query-monitor/collectors/php_errors.php on line 375
[27-Jan-2022 05:43:48 UTC] PHP Notice:  Undefined index: line in /home/mondodir/public_html/wp-content/plugins/query-monitor/collectors/php_errors.php on line 375
[27-Jan-2022 05:43:48 UTC] PHP Notice:  Undefined index: file in /home/mondodir/public_html/wp-content/plugins/query-monitor/collectors/php_errors.php on line 375
[27-Jan-2022 05:43:48 UTC] PHP Notice:  Undefined index: line in /home/mondodir/public_html/wp-content/plugins/query-monitor/collectors/php_errors.php on line 375
[27-Jan-2022 05:43:48 UTC] PHP Fatal error:  Uncaught Exception: DateTime::__construct(): Failed to parse time string (28 Gen 2022 08:30) at position 0 (2): Unexpected character in /home/mondodir/public_html/wp-content/plugins/salon-booking-plugin-pro/src/SLN/DateTime.php:10
Stack trace:
#0 /home/mondodir/public_html/wp-content/plugins/salon-booking-plugin-pro/src/SLN/DateTime.php(10): DateTime->__construct('28 Gen 2022 08:...', Object(DateTimeZone))
#1 /home/mondodir/public_html/wp-content/plugins/salon-booking-plugin-pro/src/SLN/Wrapper/Booking/Builder.php(98): SLN_DateTime->__construct('28 Gen 2022 08:...')
#2 /home/mondodir/public_html/wp-content/plugins/salon-booking-plugin-pro/views/shortcode/_services.php(12): SLN_Wrapper_Booking_Builder->getDateTime()
#3 /home/mondodir/public_html/wp-content/plugins/salon-booking-plugin-pro/views/shortcode/salon_services.php(39): include('/home/mondodir/...')
#4 /home/mondodir/public_html/wp-content/plugins/salon-booking-plugin-pro/src/SLN/Service/Templating.php(27): include('/home/mondodir/...')
#5 /home/mondod in /home/mondodir/public_html/wp-content/plugins/salon-booking-plugin-pro/src/SLN/DateTime.php on line 10
[27-Jan-2022 05:45:21 UTC] PHP Notice:  Undefined index: file in /home/mondodir/public_html/wp-content/plugins/query-monitor/collectors/php_errors.php on line 375
[27-Jan-2022 05:45:21 UTC] PHP Notice:  Undefined index: line in /home/mondodir/public_html/wp-content/plugins/query-monitor/collectors/php_errors.php on line 375
[27-Jan-2022 05:45:21 UTC] PHP Notice:  Undefined index: file in /home/mondodir/public_html/wp-content/plugins/query-monitor/collectors/php_errors.php on line 375
[27-Jan-2022 05:45:21 UTC] PHP Notice:  Undefined index: line in /home/mondodir/public_html/wp-content/plugins/query-monitor/collectors/php_errors.php on line 375
[27-Jan-2022 05:45:21 UTC] PHP Fatal error:  Uncaught Exception: DateTime::__construct(): Failed to parse time string (28 Gen 2022 08:30) at position 0 (2): Unexpected character in /home/mondodir/public_html/wp-content/plugins/salon-booking-plugin-pro/src/SLN/DateTime.php:10
Stack trace:
#0 /home/mondodir/public_html/wp-content/plugins/salon-booking-plugin-pro/src/SLN/DateTime.php(10): DateTime->__construct('28 Gen 2022 08:...', Object(DateTimeZone))
#1 /home/mondodir/public_html/wp-content/plugins/salon-booking-plugin-pro/src/SLN/Wrapper/Booking/Builder.php(98): SLN_DateTime->__construct('28 Gen 2022 08:...')
#2 /home/mondodir/public_html/wp-content/plugins/salon-booking-plugin-pro/views/shortcode/_services.php(12): SLN_Wrapper_Booking_Builder->getDateTime()
#3 /home/mondodir/public_html/wp-content/plugins/salon-booking-plugin-pro/views/shortcode/salon_services.php(39): include('/home/mondodir/...')
#4 /home/mondodir/public_html/wp-content/plugins/salon-booking-plugin-pro/src/SLN/Service/Templating.php(27): include('/home/mondodir/...')
#5 /home/mondod in /home/mondodir/public_html/wp-content/plugins/salon-booking-plugin-pro/src/SLN/DateTime.php on line 10
[27-Jan-2022 05:52:06 UTC] PHP Notice:  Undefined index: file in /home/mondodir/public_html/wp-content/plugins/query-monitor/collectors/php_errors.php on line 375
[27-Jan-2022 05:52:06 UTC] PHP Notice:  Undefined index: line in /home/mondodir/public_html/wp-content/plugins/query-monitor/collectors/php_errors.php on line 375
[27-Jan-2022 05:52:06 UTC] PHP Notice:  Undefined index: file in /home/mondodir/public_html/wp-content/plugins/query-monitor/collectors/php_errors.php on line 375
[27-Jan-2022 05:52:06 UTC] PHP Notice:  Undefined index: line in /home/mondodir/public_html/wp-content/plugins/query-monitor/collectors/php_errors.php on line 375
[27-Jan-2022 05:52:06 UTC] PHP Fatal error:  Uncaught Exception: DateTime::__construct(): Failed to parse time string (28 Gen 2022 08:30) at position 0 (2): Unexpected character in /home/mondodir/public_html/wp-content/plugins/salon-booking-plugin-pro/src/SLN/DateTime.php:10
Stack trace:
#0 /home/mondodir/public_html/wp-content/plugins/salon-booking-plugin-pro/src/SLN/DateTime.php(10): DateTime->__construct('28 Gen 2022 08:...', Object(DateTimeZone))
#1 /home/mondodir/public_html/wp-content/plugins/salon-booking-plugin-pro/src/SLN/Wrapper/Booking/Builder.php(98): SLN_DateTime->__construct('28 Gen 2022 08:...')
#2 /home/mondodir/public_html/wp-content/plugins/salon-booking-plugin-pro/views/shortcode/_services.php(12): SLN_Wrapper_Booking_Builder->getDateTime()
#3 /home/mondodir/public_html/wp-content/plugins/salon-booking-plugin-pro/views/shortcode/salon_services.php(39): include('/home/mondodir/...')
#4 /home/mondodir/public_html/wp-content/plugins/salon-booking-plugin-pro/src/SLN/Service/Templating.php(27): include('/home/mondodir/...')
#5 /home/mondod in /home/mondodir/public_html/wp-content/plugins/salon-booking-plugin-pro/src/SLN/DateTime.php on line 10
[27-Jan-2022 05:52:26 UTC] PHP Warning:  Si è verificato un errore inaspettato. C'è qualche cosa di sbagliato con WordPress.org o con la configurazione di questo server. Se continui ad avere problemi, chiedi aiuto sul <a href="https://it.wordpress.org/support/forums/">forum di supporto</a>. (WordPress non può stabilire una connessione sicura a WordPress.org. Contatta l’amministratore del server.) in /home/mondodir/public_html/wp-includes/update.php on line 175
[27-Jan-2022 05:53:41 UTC] PHP Notice:  Undefined index: file in /home/mondodir/public_html/wp-content/plugins/query-monitor/collectors/php_errors.php on line 375
[27-Jan-2022 05:53:41 UTC] PHP Notice:  Undefined index: line in /home/mondodir/public_html/wp-content/plugins/query-monitor/collectors/php_errors.php on line 375
[27-Jan-2022 05:53:41 UTC] PHP Notice:  Undefined index: file in /home/mondodir/public_html/wp-content/plugins/query-monitor/collectors/php_errors.php on line 375
[27-Jan-2022 05:53:41 UTC] PHP Notice:  Undefined index: line in /home/mondodir/public_html/wp-content/plugins/query-monitor/collectors/php_errors.php on line 375
[27-Jan-2022 05:53:41 UTC] PHP Fatal error:  Uncaught Exception: DateTime::__construct(): Failed to parse time string (28 Gen 2022 08:30) at position 0 (2): Unexpected character in /home/mondodir/public_html/wp-content/plugins/salon-booking-plugin-pro/src/SLN/DateTime.php:10
Stack trace:
#0 /home/mondodir/public_html/wp-content/plugins/salon-booking-plugin-pro/src/SLN/DateTime.php(10): DateTime->__construct('28 Gen 2022 08:...', Object(DateTimeZone))
#1 /home/mondodir/public_html/wp-content/plugins/salon-booking-plugin-pro/src/SLN/Wrapper/Booking/Builder.php(98): SLN_DateTime->__construct('28 Gen 2022 08:...')
#2 /home/mondodir/public_html/wp-content/plugins/salon-booking-plugin-pro/views/shortcode/_services.php(12): SLN_Wrapper_Booking_Builder->getDateTime()
#3 /home/mondodir/public_html/wp-content/plugins/salon-booking-plugin-pro/views/shortcode/salon_services.php(39): include('/home/mondodir/...')
#4 /home/mondodir/public_html/wp-content/plugins/salon-booking-plugin-pro/src/SLN/Service/Templating.php(27): include('/home/mondodir/...')
#5 /home/mondod in /home/mondodir/public_html/wp-content/plugins/salon-booking-plugin-pro/src/SLN/DateTime.php on line 10
